d:\visual studio\projects\practicaaj2\practicaaj1\practicaaj1\debug\vc140.pdb
d:\visual studio\projects\practicaaj2\practicaaj1\practicaaj1\debug\vc140.idb
d:\visual studio\projects\practicaaj2\practicaaj1\practicaaj1\debug\enemy.obj
d:\visual studio\projects\practicaaj2\practicaaj1\practicaaj1\debug\entitybase.obj
d:\visual studio\projects\practicaaj2\practicaaj1\practicaaj1\debug\example.obj
d:\visual studio\projects\practicaaj2\practicaaj1\practicaaj1\debug\font.obj
d:\visual studio\projects\practicaaj2\practicaaj1\practicaaj1\debug\game.obj
d:\visual studio\projects\practicaaj2\practicaaj1\practicaaj1\debug\goal.obj
d:\visual studio\projects\practicaaj2\practicaaj1\practicaaj1\debug\languagemenu.obj
d:\visual studio\projects\practicaaj2\practicaaj1\practicaaj1\debug\math.obj
d:\visual studio\projects\practicaaj2\practicaaj1\practicaaj1\debug\menugameover.obj
d:\visual studio\projects\practicaaj2\practicaaj1\practicaaj1\debug\mainmenu.obj
d:\visual studio\projects\practicaaj2\practicaaj1\practicaaj1\debug\gamemode.obj
d:\visual studio\projects\practicaaj2\practicaaj1\practicaaj1\debug\human.obj
d:\visual studio\projects\practicaaj2\practicaaj1\practicaaj1\debug\input.obj
d:\visual studio\projects\practicaaj2\practicaaj1\practicaaj1\debug\lodepng.obj
d:\visual studio\projects\practicaaj2\practicaaj1\practicaaj1\debug\main.obj
d:\visual studio\projects\practicaaj2\practicaaj1\practicaaj1\debug\graphicmotor.obj
d:\visual studio\projects\practicaaj2\practicaaj1\practicaaj1\debug\platform.obj
d:\visual studio\projects\practicaaj2\practicaaj1\practicaaj1\debug\screen.obj
d:\visual studio\projects\practicaaj2\practicaaj1\practicaaj1\debug\sys_win.obj
d:\visual studio\projects\practicaaj2\practicaaj1\practicaaj1\debug\trap.obj
d:\visual studio\projects\practicaaj2\practicaaj1\practicaaj1\debug\collisions.obj
d:\visual studio\projects\practicaaj2\practicaaj1\practicaaj1\debug\core.obj
d:\visual studio\projects\practicaaj2\practicaaj1\practicaaj1\debug\endmenu.obj
d:\visual studio\projects\practicaaj2\practicaaj1\debug\practicaaj1.ilk
d:\visual studio\projects\practicaaj2\practicaaj1\debug\practicaaj1.exe
d:\visual studio\projects\practicaaj2\practicaaj1\debug\practicaaj1.pdb
d:\visual studio\projects\practicaaj2\practicaaj1\practicaaj1\debug\practicaaj1.tlog\cl.command.1.tlog
d:\visual studio\projects\practicaaj2\practicaaj1\practicaaj1\debug\practicaaj1.tlog\cl.read.1.tlog
d:\visual studio\projects\practicaaj2\practicaaj1\practicaaj1\debug\practicaaj1.tlog\cl.write.1.tlog
d:\visual studio\projects\practicaaj2\practicaaj1\practicaaj1\debug\practicaaj1.tlog\link.command.1.tlog
d:\visual studio\projects\practicaaj2\practicaaj1\practicaaj1\debug\practicaaj1.tlog\link.read.1.tlog
d:\visual studio\projects\practicaaj2\practicaaj1\practicaaj1\debug\practicaaj1.tlog\link.write.1.tlog
